<?xml version="1.0" encoding="UTF-8"?>
<testng-results skipped="0" failed="1" ignored="0" total="1" passed="0">
  <reporter-output>
    <line>
      <![CDATA[ChromeBrowser is launched]]>
    </line>
    <line>
      <![CDATA[Browser window is maximized]]>
    </line>
    <line>
      <![CDATA[login page is displayed]]>
    </line>
    <line>
      <![CDATA[Email Id entered is matched]]>
    </line>
  </reporter-output>
  <suite name="Default suite" duration-ms="60224" started-at="2023-01-17T10:23:01 IST" finished-at="2023-01-17T10:24:02 IST">
    <groups>
      <group name="Functionality-positive">
        <method signature="KALKI_LOGIN_003.enteringPassword()[pri:0, instance:kalki_fashions.KALKI_LOGIN_003@57855c9a]" name="enteringPassword" class="kalki_fashions.KALKI_LOGIN_003"/>
      </group> <!-- Functionality-positive -->
    </groups>
    <test name="Default test" duration-ms="60224" started-at="2023-01-17T10:23:01 IST" finished-at="2023-01-17T10:24:02 IST">
      <class name="kalki_fashions.KALKI_LOGIN_003">
        <test-method status="PASS" signature="browserSetUp(java.lang.String)[pri:0, instance:kalki_fashions.KALKI_LOGIN_003@57855c9a]" name="browserSetUp" is-config="true" duration-ms="37015" started-at="2023-01-17T10:23:01 IST" finished-at="2023-01-17T10:23:38 IST">
          <params>
            <param index="0">
              <value>
                <![CDATA[chrome]]>
              </value>
            </param>
          </params>
          <reporter-output>
            <line>
              <![CDATA[ChromeBrowser is launched]]>
            </line>
            <line>
              <![CDATA[Browser window is maximized]]>
            </line>
          </reporter-output>
        </test-method> <!-- browserSetUp -->
        <test-method status="FAIL" signature="enteringPassword()[pri:0, instance:kalki_fashions.KALKI_LOGIN_003@57855c9a]" name="enteringPassword" duration-ms="22578" started-at="2023-01-17T10:23:38 IST" finished-at="2023-01-17T10:24:01 IST">
          <exception class="org.openqa.selenium.ElementNotInteractableException">
            <message>
              <![CDATA[element not interactable
  (Session info: chrome=109.0.5414.74)
Build info: version: '3.141.59', revision: 'e82be7d358', time: '2018-11-14T08:25:53'
System info: host: 'DESKTOP-JUI087I', ip: '192.168.136.1', os.name: 'Windows 10', os.arch: 'amd64', os.version: '10.0', java.version: '1.8.0_202'
Driver info: org.openqa.selenium.chrome.ChromeDriver
Capabilities {acceptInsecureCerts: false, browserName: chrome, browserVersion: 109.0.5414.74, chrome: {chromedriverVersion: 108.0.5359.71 (1e0e3868ee06..., userDataDir: C:\Users\PAVANY~1\AppData\L...}, goog:chromeOptions: {debuggerAddress: localhost:58757}, javascriptEnabled: true, networkConnectionEnabled: false, pageLoadStrategy: normal, platform: WINDOWS, platformName: WINDOWS, proxy: Proxy(), setWindowRect: true, strictFileInteractability: false, timeouts: {implicit: 0, pageLoad: 300000, script: 30000}, unhandledPromptBehavior: dismiss and notify, webauthn:extension:credBlob: true, webauthn:extension:largeBlob: true, webauthn:virtualAuthenticators: true}
Session ID: 4ccd5c6131bb533c1ff6099a6053f197]]>
            </message>
            <full-stacktrace>
              <![CDATA[org.openqa.selenium.ElementNotInteractableException: element not interactable
  (Session info: chrome=109.0.5414.74)
Build info: version: '3.141.59', revision: 'e82be7d358', time: '2018-11-14T08:25:53'
System info: host: 'DESKTOP-JUI087I', ip: '192.168.136.1', os.name: 'Windows 10', os.arch: 'amd64', os.version: '10.0', java.version: '1.8.0_202'
Driver info: org.openqa.selenium.chrome.ChromeDriver
Capabilities {acceptInsecureCerts: false, browserName: chrome, browserVersion: 109.0.5414.74, chrome: {chromedriverVersion: 108.0.5359.71 (1e0e3868ee06..., userDataDir: C:\Users\PAVANY~1\AppData\L...}, goog:chromeOptions: {debuggerAddress: localhost:58757}, javascriptEnabled: true, networkConnectionEnabled: false, pageLoadStrategy: normal, platform: WINDOWS, platformName: WINDOWS, proxy: Proxy(), setWindowRect: true, strictFileInteractability: false, timeouts: {implicit: 0, pageLoad: 300000, script: 30000}, unhandledPromptBehavior: dismiss and notify, webauthn:extension:credBlob: true, webauthn:extension:largeBlob: true, webauthn:virtualAuthenticators: true}
Session ID: 4ccd5c6131bb533c1ff6099a6053f197
at sun.reflect.NativeConstructorAccessorImpl.newInstance0(Native Method)
at sun.reflect.NativeConstructorAccessorImpl.newInstance(NativeConstructorAccessorImpl.java:62)
at sun.reflect.DelegatingConstructorAccessorImpl.newInstance(DelegatingConstructorAccessorImpl.java:45)
at java.lang.reflect.Constructor.newInstance(Constructor.java:423)
at org.openqa.selenium.remote.http.W3CHttpResponseCodec.createException(W3CHttpResponseCodec.java:187)
at org.openqa.selenium.remote.http.W3CHttpResponseCodec.decode(W3CHttpResponseCodec.java:122)
at org.openqa.selenium.remote.http.W3CHttpResponseCodec.decode(W3CHttpResponseCodec.java:49)
at org.openqa.selenium.remote.HttpCommandExecutor.execute(HttpCommandExecutor.java:158)
at org.openqa.selenium.remote.service.DriverCommandExecutor.execute(DriverCommandExecutor.java:83)
at org.openqa.selenium.remote.RemoteWebDriver.execute(RemoteWebDriver.java:552)
at org.openqa.selenium.remote.RemoteWebElement.execute(RemoteWebElement.java:285)
at org.openqa.selenium.remote.RemoteWebElement.sendKeys(RemoteWebElement.java:106)
at sun.reflect.NativeMethodAccessorImpl.invoke0(Native Method)
at sun.reflect.NativeMethodAccessorImpl.invoke(NativeMethodAccessorImpl.java:62)
at sun.reflect.DelegatingMethodAccessorImpl.invoke(DelegatingMethodAccessorImpl.java:43)
at java.lang.reflect.Method.invoke(Method.java:498)
at org.openqa.selenium.support.pagefactory.internal.LocatingElementHandler.invoke(LocatingElementHandler.java:51)
at com.sun.proxy.$Proxy11.sendKeys(Unknown Source)
at kalki_fashions.KALKI_LOGIN_003.enteringPassword(KALKI_LOGIN_003.java:41)
at sun.reflect.NativeMethodAccessorImpl.invoke0(Native Method)
at sun.reflect.NativeMethodAccessorImpl.invoke(NativeMethodAccessorImpl.java:62)
at sun.reflect.DelegatingMethodAccessorImpl.invoke(DelegatingMethodAccessorImpl.java:43)
at java.lang.reflect.Method.invoke(Method.java:498)
at org.testng.internal.MethodInvocationHelper.invokeMethod(MethodInvocationHelper.java:132)
at org.testng.internal.TestInvoker.invokeMethod(TestInvoker.java:599)
at org.testng.internal.TestInvoker.invokeTestMethod(TestInvoker.java:174)
at org.testng.internal.MethodRunner.runInSequence(MethodRunner.java:46)
at org.testng.internal.TestInvoker$MethodInvocationAgent.invoke(TestInvoker.java:822)
at org.testng.internal.TestInvoker.invokeTestMethods(TestInvoker.java:147)
at org.testng.internal.TestMethodWorker.invokeTestMethods(TestMethodWorker.java:146)
at org.testng.internal.TestMethodWorker.run(TestMethodWorker.java:128)
at java.util.ArrayList.forEach(ArrayList.java:1257)
at org.testng.TestRunner.privateRun(TestRunner.java:764)
at org.testng.TestRunner.run(TestRunner.java:585)
at org.testng.SuiteRunner.runTest(SuiteRunner.java:384)
at org.testng.SuiteRunner.runSequentially(SuiteRunner.java:378)
at org.testng.SuiteRunner.privateRun(SuiteRunner.java:337)
at org.testng.SuiteRunner.run(SuiteRunner.java:286)
at org.testng.SuiteRunnerWorker.runSuite(SuiteRunnerWorker.java:53)
at org.testng.SuiteRunnerWorker.run(SuiteRunnerWorker.java:96)
at org.testng.TestNG.runSuitesSequentially(TestNG.java:1218)
at org.testng.TestNG.runSuitesLocally(TestNG.java:1140)
at org.testng.TestNG.runSuites(TestNG.java:1069)
at org.testng.TestNG.run(TestNG.java:1037)
at org.testng.remote.AbstractRemoteTestNG.run(AbstractRemoteTestNG.java:115)
at org.testng.remote.RemoteTestNG.initAndRun(RemoteTestNG.java:251)
at org.testng.remote.RemoteTestNG.main(RemoteTestNG.java:77)
]]>
            </full-stacktrace>
          </exception> <!-- org.openqa.selenium.ElementNotInteractableException -->
          <reporter-output>
            <line>
              <![CDATA[login page is displayed]]>
            </line>
            <line>
              <![CDATA[Email Id entered is matched]]>
            </line>
          </reporter-output>
        </test-method> <!-- enteringPassword -->
        <test-method status="PASS" signature="toQuitTheBrowser()[pri:0, instance:kalki_fashions.KALKI_LOGIN_003@57855c9a]" name="toQuitTheBrowser" is-config="true" duration-ms="0" started-at="2023-01-17T10:24:02 IST" finished-at="2023-01-17T10:24:02 IST">
          <reporter-output>
          </reporter-output>
        </test-method> <!-- toQuitTheBrowser -->
      </class> <!-- kalki_fashions.KALKI_LOGIN_003 -->
    </test> <!-- Default test -->
  </suite> <!-- Default suite -->
</testng-results>
